<?xml version="1.0" encoding="UTF-8"?>
<!-- Generated by org.testng.reporters.JUnitReportReporter -->
<testsuite hostname="MelO" failures="0" tests="1" name="com.dahal1.testcases.Form" time="5.156" errors="0" timestamp="2024-01-05T00:24:09 EST" skipped="0">
  <testcase classname="com.dahal1.testcases.Form" name="formAutomation" time="5.156"/>
</testsuite> <!-- com.dahal1.testcases.Form -->
